<?xml version="1.0" encoding="UTF-8"?>
<testng-results skipped="0" failed="0" ignored="0" total="1" passed="1">
  <reporter-output>
  </reporter-output>
  <suite name="Default suite" duration-ms="25967" started-at="2019-09-01T06:54:56Z" finished-at="2019-09-01T06:55:22Z">
    <groups>
    </groups>
    <test name="Default test" duration-ms="25967" started-at="2019-09-01T06:54:56Z" finished-at="2019-09-01T06:55:22Z">
      <class name="orgs.zoomCar.zoomcar.testCases.TC001_BookACar">
        <test-method status="PASS" signature="loginLeafTap()[pri:0, instance:orgs.zoomCar.zoomcar.testCases.TC001_BookACar@553f17c]" name="loginLeafTap" is-config="true" duration-ms="6584" started-at="2019-09-01T06:54:56Z" finished-at="2019-09-01T06:55:02Z">
          <reporter-output>
          </reporter-output>
        </test-method> <!-- loginLeafTap -->
        <test-method status="PASS" signature="bookACar()[pri:0, instance:orgs.zoomCar.zoomcar.testCases.TC001_BookACar@553f17c]" name="bookACar" duration-ms="17250" started-at="2019-09-01T06:55:02Z" finished-at="2019-09-01T06:55:20Z">
          <reporter-output>
          </reporter-output>
        </test-method> <!-- bookACar -->
        <test-method status="PASS" signature="closeLeafTap()[pri:0, instance:orgs.zoomCar.zoomcar.testCases.TC001_BookACar@553f17c]" name="closeLeafTap" is-config="true" duration-ms="2116" started-at="2019-09-01T06:55:20Z" finished-at="2019-09-01T06:55:22Z">
          <reporter-output>
          </reporter-output>
        </test-method> <!-- closeLeafTap -->
      </class> <!-- orgs.zoomCar.zoomcar.testCases.TC001_BookACar -->
    </test> <!-- Default test -->
  </suite> <!-- Default suite -->
</testng-results>
